2023-01-20 16:16:29,982 [Worker-4: Loading available Gradle versions] INFO  o.e.b.c.i.u.g.PublishedGradleVersions - Gradle version information cache is up-to-date. Trying to read.
2023-01-20 16:18:33,354 [Worker-2: Import Getting Started Content] INFO  o.e.m.c.i.l.LifecycleMappingFactory - Using org.eclipse.m2e.jdt.JarLifecycleMapping lifecycle mapping for MavenProject: com.contact:contact_service:0.0.1-SNAPSHOT @ C:\Users\amans\Desktop\Contact MicroService\ContactMicroservice\pom.xml.
2023-01-20 16:18:34,154 [Worker-2: Import Getting Started Content] INFO  o.e.m.j.i.AbstractJavaProjectConfigurator - Adding source folder /ContactMicroservice/src/main/java
2023-01-20 16:18:34,154 [Worker-2: Import Getting Started Content] INFO  o.e.m.j.i.AbstractJavaProjectConfigurator - Adding resource folder /ContactMicroservice/src/main/resources
2023-01-20 16:18:34,160 [Worker-2: Import Getting Started Content] INFO  o.e.m.j.i.AbstractJavaProjectConfigurator - Adding resource folder /ContactMicroservice/src/main/resources
2023-01-20 16:18:34,166 [Worker-2: Import Getting Started Content] INFO  o.e.m.j.i.AbstractJavaProjectConfigurator - Adding source folder /ContactMicroservice/src/test/java
2023-01-20 16:18:35,351 [Worker-2: Import Getting Started Content] INFO  o.e.m.c.i.p.ProjectConfigurationManager - Imported and configured 1 project(s) in 3 sec
2023-01-20 16:18:35,354 [Worker-2: Import Getting Started Content] INFO  o.e.m.c.i.p.ProjectConfigurationManager - Update started
2023-01-20 16:18:35,717 [Worker-2: Import Getting Started Content] INFO  o.e.m.c.i.l.LifecycleMappingFactory - Using org.eclipse.m2e.jdt.JarLifecycleMapping lifecycle mapping for MavenProject: com.contact:contact_service:0.0.1-SNAPSHOT @ C:\Users\amans\Desktop\Contact MicroService\ContactMicroservice\pom.xml.
2023-01-20 16:18:36,092 [Worker-2: Import Getting Started Content] INFO  o.e.m.j.i.AbstractJavaProjectConfigurator - Adding source folder /ContactMicroservice/src/main/java
2023-01-20 16:18:36,092 [Worker-2: Import Getting Started Content] INFO  o.e.m.j.i.AbstractJavaProjectConfigurator - Adding resource folder /ContactMicroservice/src/main/resources
2023-01-20 16:18:36,092 [Worker-2: Import Getting Started Content] INFO  o.e.m.j.i.AbstractJavaProjectConfigurator - Adding resource folder /ContactMicroservice/src/main/resources
2023-01-20 16:18:36,094 [Worker-2: Import Getting Started Content] INFO  o.e.m.j.i.AbstractJavaProjectConfigurator - Adding source folder /ContactMicroservice/src/test/java
2023-01-20 16:18:36,898 [Worker-2: Import Getting Started Content] INFO  o.e.m.c.i.p.ProjectConfigurationManager - Update completed for 1 poms: local refresh takes 0.00 sec, refresh facades takes 0.00 sec, update config takes 0.00 sec 
2023-01-20 16:19:48,716 [Worker-3: Building] INFO  o.e.m.c.i.l.LifecycleMappingFactory - Using org.eclipse.m2e.jdt.JarLifecycleMapping lifecycle mapping for MavenProject: com.contact:contact_service:0.0.1-SNAPSHOT @ C:\Users\amans\Desktop\Contact MicroService\ContactMicroservice\pom.xml.
2023-01-20 16:19:49,082 [Worker-3: Building] INFO  o.a.m.s.f.DefaultMavenResourcesFiltering - Copying 0 resource
2023-01-20 16:19:49,082 [Worker-3: Building] INFO  o.a.m.s.f.DefaultMavenResourcesFiltering - Copying 0 resource
2023-01-20 16:19:49,087 [Worker-3: Building] INFO  o.a.m.s.f.DefaultMavenResourcesFiltering - skip non existing resourceDirectory C:\Users\amans\Desktop\Contact MicroService\ContactMicroservice\src\test\resources
2023-01-20 16:19:50,316 [Worker-9: Building] INFO  o.a.m.s.f.DefaultMavenResourcesFiltering - Copying 1 resource
2023-01-20 16:19:50,337 [Worker-9: Building] INFO  o.a.m.s.f.DefaultMavenResourcesFiltering - Copying 0 resource
2023-01-20 16:19:50,341 [Worker-9: Building] INFO  o.a.m.s.f.DefaultMavenResourcesFiltering - skip non existing resourceDirectory C:\Users\amans\Desktop\Contact MicroService\ContactMicroservice\src\test\resources
2023-01-20 16:19:56,485 [Worker-7: Building] INFO  o.e.m.c.i.l.LifecycleMappingFactory - Using org.eclipse.m2e.jdt.JarLifecycleMapping lifecycle mapping for MavenProject: com.contact:contact_service:0.0.1-SNAPSHOT @ C:\Users\amans\Desktop\Contact MicroService\ContactMicroservice\pom.xml.
2023-01-20 16:19:56,945 [Worker-7: Building] INFO  o.a.m.s.f.DefaultMavenResourcesFiltering - Copying 0 resource
2023-01-20 16:19:56,946 [Worker-7: Building] INFO  o.a.m.s.f.DefaultMavenResourcesFiltering - Copying 0 resource
2023-01-20 16:19:56,951 [Worker-7: Building] INFO  o.a.m.s.f.DefaultMavenResourcesFiltering - skip non existing resourceDirectory C:\Users\amans\Desktop\Contact MicroService\ContactMicroservice\src\test\resources
2023-01-20 16:19:58,234 [Worker-7: Building] INFO  o.a.m.s.f.DefaultMavenResourcesFiltering - Copying 1 resource
2023-01-20 16:19:58,255 [Worker-7: Building] INFO  o.a.m.s.f.DefaultMavenResourcesFiltering - Copying 0 resource
2023-01-20 16:19:58,258 [Worker-7: Building] INFO  o.a.m.s.f.DefaultMavenResourcesFiltering - skip non existing resourceDirectory C:\Users\amans\Desktop\Contact MicroService\ContactMicroservice\src\test\resources
2023-01-20 16:22:24,335 [Worker-5: Building] INFO  o.a.m.s.f.DefaultMavenResourcesFiltering - Copying 1 resource
2023-01-20 16:22:24,342 [Worker-5: Building] INFO  o.a.m.s.f.DefaultMavenResourcesFiltering - Copying 0 resource
2023-01-20 16:22:24,345 [Worker-5: Building] INFO  o.a.m.s.f.DefaultMavenResourcesFiltering - skip non existing resourceDirectory C:\Users\amans\Desktop\Contact MicroService\ContactMicroservice\src\test\resources
2023-01-20 16:22:27,468 [Worker-5: Building] INFO  o.a.m.s.f.DefaultMavenResourcesFiltering - Copying 1 resource
2023-01-20 16:22:27,475 [Worker-5: Building] INFO  o.a.m.s.f.DefaultMavenResourcesFiltering - Copying 0 resource
2023-01-20 16:22:27,479 [Worker-5: Building] INFO  o.a.m.s.f.DefaultMavenResourcesFiltering - skip non existing resourceDirectory C:\Users\amans\Desktop\Contact MicroService\ContactMicroservice\src\test\resources
2023-01-20 16:22:37,926 [Worker-12: Building] INFO  o.a.m.s.f.DefaultMavenResourcesFiltering - Copying 1 resource
2023-01-20 16:22:37,930 [Worker-12: Building] INFO  o.a.m.s.f.DefaultMavenResourcesFiltering - Copying 0 resource
2023-01-20 16:22:37,932 [Worker-12: Building] INFO  o.a.m.s.f.DefaultMavenResourcesFiltering - skip non existing resourceDirectory C:\Users\amans\Desktop\Contact MicroService\ContactMicroservice\src\test\resources
2023-01-20 16:22:51,032 [Worker-12: Building] INFO  o.a.m.s.f.DefaultMavenResourcesFiltering - Copying 1 resource
2023-01-20 16:22:51,035 [Worker-12: Building] INFO  o.a.m.s.f.DefaultMavenResourcesFiltering - Copying 0 resource
2023-01-20 16:22:51,038 [Worker-12: Building] INFO  o.a.m.s.f.DefaultMavenResourcesFiltering - skip non existing resourceDirectory C:\Users\amans\Desktop\Contact MicroService\ContactMicroservice\src\test\resources
2023-01-20 16:23:39,605 [Worker-11: Building] INFO  o.a.m.s.f.DefaultMavenResourcesFiltering - Copying 1 resource
2023-01-20 16:23:39,608 [Worker-11: Building] INFO  o.a.m.s.f.DefaultMavenResourcesFiltering - Copying 0 resource
2023-01-20 16:23:39,610 [Worker-11: Building] INFO  o.a.m.s.f.DefaultMavenResourcesFiltering - skip non existing resourceDirectory C:\Users\amans\Desktop\Contact MicroService\ContactMicroservice\src\test\resources
2023-01-20 16:23:50,369 [Worker-11: Building] INFO  o.a.m.s.f.DefaultMavenResourcesFiltering - Copying 1 resource
2023-01-20 16:23:50,387 [Worker-11: Building] INFO  o.a.m.s.f.DefaultMavenResourcesFiltering - Copying 0 resource
2023-01-20 16:23:50,393 [Worker-11: Building] INFO  o.a.m.s.f.DefaultMavenResourcesFiltering - skip non existing resourceDirectory C:\Users\amans\Desktop\Contact MicroService\ContactMicroservice\src\test\resources
2023-01-20 16:25:23,440 [Worker-4: Building] INFO  o.a.m.s.f.DefaultMavenResourcesFiltering - Copying 1 resource
2023-01-20 16:25:23,444 [Worker-4: Building] INFO  o.a.m.s.f.DefaultMavenResourcesFiltering - Copying 0 resource
2023-01-20 16:25:23,448 [Worker-4: Building] INFO  o.a.m.s.f.DefaultMavenResourcesFiltering - skip non existing resourceDirectory C:\Users\amans\Desktop\Contact MicroService\ContactMicroservice\src\test\resources
2023-01-20 16:31:55,402 [Worker-4: Building] INFO  o.a.m.s.f.DefaultMavenResourcesFiltering - Copying 1 resource
2023-01-20 16:31:55,409 [Worker-4: Building] INFO  o.a.m.s.f.DefaultMavenResourcesFiltering - Copying 0 resource
2023-01-20 16:31:55,412 [Worker-4: Building] INFO  o.a.m.s.f.DefaultMavenResourcesFiltering - skip non existing resourceDirectory C:\Users\amans\Desktop\Contact MicroService\ContactMicroservice\src\test\resources
2023-01-20 16:33:46,914 [Worker-17: Building] INFO  o.a.m.s.f.DefaultMavenResourcesFiltering - Copying 1 resource
2023-01-20 16:33:46,921 [Worker-17: Building] INFO  o.a.m.s.f.DefaultMavenResourcesFiltering - Copying 0 resource
2023-01-20 16:33:46,924 [Worker-17: Building] INFO  o.a.m.s.f.DefaultMavenResourcesFiltering - skip non existing resourceDirectory C:\Users\amans\Desktop\Contact MicroService\ContactMicroservice\src\test\resources
2023-01-20 16:34:24,903 [Worker-16: Building] INFO  o.a.m.s.f.DefaultMavenResourcesFiltering - Copying 1 resource
2023-01-20 16:34:24,910 [Worker-16: Building] INFO  o.a.m.s.f.DefaultMavenResourcesFiltering - Copying 0 resource
2023-01-20 16:34:24,913 [Worker-16: Building] INFO  o.a.m.s.f.DefaultMavenResourcesFiltering - skip non existing resourceDirectory C:\Users\amans\Desktop\Contact MicroService\ContactMicroservice\src\test\resources
2023-01-20 16:36:53,083 [Worker-18: Building] INFO  o.a.m.s.f.DefaultMavenResourcesFiltering - Copying 1 resource
2023-01-20 16:36:53,087 [Worker-18: Building] INFO  o.a.m.s.f.DefaultMavenResourcesFiltering - Copying 0 resource
2023-01-20 16:36:53,089 [Worker-18: Building] INFO  o.a.m.s.f.DefaultMavenResourcesFiltering - skip non existing resourceDirectory C:\Users\amans\Desktop\Contact MicroService\ContactMicroservice\src\test\resources
2023-01-20 16:37:16,276 [Worker-15: Building] INFO  o.a.m.s.f.DefaultMavenResourcesFiltering - Copying 1 resource
2023-01-20 16:37:16,280 [Worker-15: Building] INFO  o.a.m.s.f.DefaultMavenResourcesFiltering - Copying 0 resource
2023-01-20 16:37:16,282 [Worker-15: Building] INFO  o.a.m.s.f.DefaultMavenResourcesFiltering - skip non existing resourceDirectory C:\Users\amans\Desktop\Contact MicroService\ContactMicroservice\src\test\resources
2023-01-20 16:38:25,271 [Worker-15: Building] INFO  o.a.m.s.f.DefaultMavenResourcesFiltering - Copying 1 resource
2023-01-20 16:38:25,283 [Worker-15: Building] INFO  o.a.m.s.f.DefaultMavenResourcesFiltering - Copying 0 resource
2023-01-20 16:38:25,287 [Worker-15: Building] INFO  o.a.m.s.f.DefaultMavenResourcesFiltering - skip non existing resourceDirectory C:\Users\amans\Desktop\Contact MicroService\ContactMicroservice\src\test\resources
2023-01-20 16:39:11,474 [Worker-4: Building] INFO  o.a.m.s.f.DefaultMavenResourcesFiltering - Copying 1 resource
2023-01-20 16:39:11,481 [Worker-4: Building] INFO  o.a.m.s.f.DefaultMavenResourcesFiltering - Copying 0 resource
2023-01-20 16:39:11,485 [Worker-4: Building] INFO  o.a.m.s.f.DefaultMavenResourcesFiltering - skip non existing resourceDirectory C:\Users\amans\Desktop\Contact MicroService\ContactMicroservice\src\test\resources
2023-01-20 16:40:37,536 [Worker-4: Building] INFO  o.a.m.s.f.DefaultMavenResourcesFiltering - Copying 1 resource
2023-01-20 16:40:37,542 [Worker-4: Building] INFO  o.a.m.s.f.DefaultMavenResourcesFiltering - Copying 0 resource
2023-01-20 16:40:37,544 [Worker-4: Building] INFO  o.a.m.s.f.DefaultMavenResourcesFiltering - skip non existing resourceDirectory C:\Users\amans\Desktop\Contact MicroService\ContactMicroservice\src\test\resources
2023-01-20 16:40:45,233 [Worker-4: Building] INFO  o.a.m.s.f.DefaultMavenResourcesFiltering - Copying 1 resource
2023-01-20 16:40:45,239 [Worker-4: Building] INFO  o.a.m.s.f.DefaultMavenResourcesFiltering - Copying 0 resource
2023-01-20 16:40:45,241 [Worker-4: Building] INFO  o.a.m.s.f.DefaultMavenResourcesFiltering - skip non existing resourceDirectory C:\Users\amans\Desktop\Contact MicroService\ContactMicroservice\src\test\resources
2023-01-20 16:41:34,643 [Worker-21: Building] INFO  o.a.m.s.f.DefaultMavenResourcesFiltering - Copying 1 resource
2023-01-20 16:41:34,649 [Worker-21: Building] INFO  o.a.m.s.f.DefaultMavenResourcesFiltering - Copying 0 resource
2023-01-20 16:41:34,652 [Worker-21: Building] INFO  o.a.m.s.f.DefaultMavenResourcesFiltering - skip non existing resourceDirectory C:\Users\amans\Desktop\Contact MicroService\ContactMicroservice\src\test\resources
2023-01-20 16:42:55,402 [Worker-4: Building] INFO  o.a.m.s.f.DefaultMavenResourcesFiltering - Copying 1 resource
2023-01-20 16:42:55,407 [Worker-4: Building] INFO  o.a.m.s.f.DefaultMavenResourcesFiltering - Copying 0 resource
2023-01-20 16:42:55,410 [Worker-4: Building] INFO  o.a.m.s.f.DefaultMavenResourcesFiltering - skip non existing resourceDirectory C:\Users\amans\Desktop\Contact MicroService\ContactMicroservice\src\test\resources
2023-01-21 19:36:17,726 [Worker-31: Building] INFO  o.a.m.s.f.DefaultMavenResourcesFiltering - Copying 1 resource
2023-01-21 19:36:17,743 [Worker-31: Building] INFO  o.a.m.s.f.DefaultMavenResourcesFiltering - Copying 0 resource
2023-01-21 19:36:17,746 [Worker-31: Building] INFO  o.a.m.s.f.DefaultMavenResourcesFiltering - skip non existing resourceDirectory C:\Users\amans\Desktop\Contact MicroService\ContactMicroservice\src\test\resources
2023-01-22 14:40:32,120 [Worker-34: Building] INFO  o.e.m.c.i.l.LifecycleMappingFactory - Using org.eclipse.m2e.jdt.JarLifecycleMapping lifecycle mapping for MavenProject: com.contact:contact_service:0.0.1-SNAPSHOT @ C:\Users\amans\Desktop\Contact MicroService\ContactMicroservice\pom.xml.
2023-01-22 14:40:33,697 [Worker-34: Building] INFO  o.a.m.s.f.DefaultMavenResourcesFiltering - Copying 0 resource
2023-01-22 14:40:33,698 [Worker-34: Building] INFO  o.a.m.s.f.DefaultMavenResourcesFiltering - Copying 0 resource
2023-01-22 14:40:33,707 [Worker-34: Building] INFO  o.a.m.s.f.DefaultMavenResourcesFiltering - skip non existing resourceDirectory C:\Users\amans\Desktop\Contact MicroService\ContactMicroservice\src\test\resources
2023-01-22 14:40:49,212 [Worker-35: Building] INFO  o.e.m.c.i.l.LifecycleMappingFactory - Using org.eclipse.m2e.jdt.JarLifecycleMapping lifecycle mapping for MavenProject: com.contact:contact_service:0.0.1-SNAPSHOT @ C:\Users\amans\Desktop\Contact MicroService\ContactMicroservice\pom.xml.
2023-01-22 14:41:16,063 [Worker-35: Building] INFO  o.e.m.c.i.l.LifecycleMappingFactory - Using org.eclipse.m2e.jdt.JarLifecycleMapping lifecycle mapping for MavenProject: com.contact:contact_service:0.0.1-SNAPSHOT @ C:\Users\amans\Desktop\Contact MicroService\ContactMicroservice\pom.xml.
2023-01-22 14:41:17,663 [Worker-35: Building] INFO  o.a.m.s.f.DefaultMavenResourcesFiltering - Copying 0 resource
2023-01-22 14:41:17,664 [Worker-35: Building] INFO  o.a.m.s.f.DefaultMavenResourcesFiltering - Copying 0 resource
2023-01-22 14:41:17,670 [Worker-35: Building] INFO  o.a.m.s.f.DefaultMavenResourcesFiltering - skip non existing resourceDirectory C:\Users\amans\Desktop\Contact MicroService\ContactMicroservice\src\test\resources
2023-01-22 14:41:19,795 [Worker-30: Building] INFO  o.a.m.s.f.DefaultMavenResourcesFiltering - Copying 1 resource
2023-01-22 14:41:19,822 [Worker-30: Building] INFO  o.a.m.s.f.DefaultMavenResourcesFiltering - Copying 0 resource
2023-01-22 14:41:19,828 [Worker-30: Building] INFO  o.a.m.s.f.DefaultMavenResourcesFiltering - skip non existing resourceDirectory C:\Users\amans\Desktop\Contact MicroService\ContactMicroservice\src\test\resources
2023-01-22 14:47:17,676 [Worker-41: Building] INFO  o.a.m.s.f.DefaultMavenResourcesFiltering - Copying 1 resource
2023-01-22 14:47:17,687 [Worker-41: Building] INFO  o.a.m.s.f.DefaultMavenResourcesFiltering - Copying 0 resource
2023-01-22 14:47:17,693 [Worker-41: Building] INFO  o.a.m.s.f.DefaultMavenResourcesFiltering - skip non existing resourceDirectory C:\Users\amans\Desktop\Contact MicroService\ContactMicroservice\src\test\resources
2023-01-22 14:48:00,048 [Worker-37: Building] INFO  o.a.m.s.f.DefaultMavenResourcesFiltering - Copying 1 resource
2023-01-22 14:48:00,060 [Worker-37: Building] INFO  o.a.m.s.f.DefaultMavenResourcesFiltering - Copying 0 resource
2023-01-22 14:48:00,065 [Worker-37: Building] INFO  o.a.m.s.f.DefaultMavenResourcesFiltering - skip non existing resourceDirectory C:\Users\amans\Desktop\Contact MicroService\ContactMicroservice\src\test\resources
2023-01-22 14:49:24,166 [Worker-44: Building] INFO  o.a.m.s.f.DefaultMavenResourcesFiltering - Copying 1 resource
2023-01-22 14:49:24,178 [Worker-44: Building] INFO  o.a.m.s.f.DefaultMavenResourcesFiltering - Copying 0 resource
2023-01-22 14:49:24,183 [Worker-44: Building] INFO  o.a.m.s.f.DefaultMavenResourcesFiltering - skip non existing resourceDirectory C:\Users\amans\Desktop\Contact MicroService\ContactMicroservice\src\test\resources
2023-01-22 16:03:40,835 [Worker-44: Building] INFO  o.a.m.s.f.DefaultMavenResourcesFiltering - Copying 1 resource
2023-01-22 16:03:40,865 [Worker-44: Building] INFO  o.a.m.s.f.DefaultMavenResourcesFiltering - Copying 0 resource
2023-01-22 16:03:40,868 [Worker-44: Building] INFO  o.a.m.s.f.DefaultMavenResourcesFiltering - skip non existing resourceDirectory C:\Users\amans\Desktop\Contact MicroService\ContactMicroservice\src\test\resources
2023-01-22 16:15:14,429 [Worker-54: Building] INFO  o.a.m.s.f.DefaultMavenResourcesFiltering - Copying 1 resource
2023-01-22 16:15:14,451 [Worker-54: Building] INFO  o.a.m.s.f.DefaultMavenResourcesFiltering - Copying 0 resource
2023-01-22 16:15:14,453 [Worker-54: Building] INFO  o.a.m.s.f.DefaultMavenResourcesFiltering - skip non existing resourceDirectory C:\Users\amans\Desktop\Contact MicroService\ContactMicroservice\src\test\resources
2023-01-27 11:44:21,801 [Worker-314: Building] INFO  o.e.m.c.i.l.LifecycleMappingFactory - Using org.eclipse.m2e.jdt.JarLifecycleMapping lifecycle mapping for MavenProject: com.contact:contact_service:0.0.1-SNAPSHOT @ C:\Users\amans\Desktop\Contact MicroService\ContactMicroservice\pom.xml.
2023-01-27 11:44:27,638 [Worker-314: Building] INFO  o.e.m.c.i.embedder.EclipseLogger - Using 'UTF-8' encoding to copy filtered resources.
2023-01-27 11:44:27,639 [Worker-314: Building] INFO  o.e.m.c.i.embedder.EclipseLogger - Using 'UTF-8' encoding to copy filtered properties files.
2023-01-27 11:44:27,644 [Worker-314: Building] INFO  o.e.m.c.i.embedder.EclipseLogger - Copying 0 resource
2023-01-27 11:44:27,645 [Worker-314: Building] INFO  o.e.m.c.i.embedder.EclipseLogger - Copying 0 resource
2023-01-27 11:44:27,649 [Worker-314: Building] INFO  o.e.m.c.i.embedder.EclipseLogger - Using 'UTF-8' encoding to copy filtered resources.
2023-01-27 11:44:27,649 [Worker-314: Building] INFO  o.e.m.c.i.embedder.EclipseLogger - Using 'UTF-8' encoding to copy filtered properties files.
2023-01-27 11:44:27,649 [Worker-314: Building] INFO  o.e.m.c.i.embedder.EclipseLogger - skip non existing resourceDirectory C:\Users\amans\Desktop\Contact MicroService\ContactMicroservice\src\test\resources
2023-01-27 11:44:28,651 [Worker-314: Updating Maven Project] INFO  o.e.m.c.i.p.ProjectConfigurationManager - Update started
2023-01-27 11:44:30,852 [Worker-321: Download sources and javadoc] INFO  o.e.m.c.i.e.AbstractTransferListenerAdapter - Downloading https://repo.maven.apache.org/maven2/org/apache/httpcomponents/core5/httpcore5-h2/5.1.1/httpcore5-h2-5.1.1-sources.jar
2023-01-27 11:44:31,426 [Worker-321: Download sources and javadoc] INFO  o.e.m.c.i.e.AbstractTransferListenerAdapter - Downloaded https://repo.maven.apache.org/maven2/org/apache/httpcomponents/core5/httpcore5-h2/5.1.1/httpcore5-h2-5.1.1-sources.jar
2023-01-27 11:44:31,515 [Worker-314: Updating Maven Project] INFO  o.e.m.c.i.l.LifecycleMappingFactory - Using org.eclipse.m2e.jdt.JarLifecycleMapping lifecycle mapping for MavenProject: com.contact:contact_service:0.0.1-SNAPSHOT @ C:\Users\amans\Desktop\Contact MicroService\ContactMicroservice\pom.xml.
2023-01-27 11:44:31,840 [Worker-321: Download sources and javadoc] INFO  o.e.m.j.internal.DownloadSourcesJob - Downloaded sources for org.apache.httpcomponents.core5:httpcore5-h2:5.1.1
2023-01-27 11:44:35,418 [Worker-314: Updating Maven Project] INFO  o.e.m.j.i.AbstractJavaProjectConfigurator - Adding source folder /ContactMicroservice/src/main/java
2023-01-27 11:44:35,418 [Worker-314: Updating Maven Project] INFO  o.e.m.j.i.AbstractJavaProjectConfigurator - Adding resource folder /ContactMicroservice/src/main/resources
2023-01-27 11:44:35,422 [Worker-314: Updating Maven Project] INFO  o.e.m.j.i.AbstractJavaProjectConfigurator - Adding resource folder /ContactMicroservice/src/main/resources
2023-01-27 11:44:35,423 [Worker-314: Updating Maven Project] INFO  o.e.m.j.i.AbstractJavaProjectConfigurator - Adding source folder /ContactMicroservice/src/test/java
2023-01-27 11:44:40,207 [Worker-314: Updating Maven Project] INFO  o.e.m.c.i.p.ProjectConfigurationManager - Update completed for 1 poms: local refresh takes 0.00 sec, refresh facades takes 4.00 sec, update config takes 5.00 sec 
2023-01-27 11:50:12,634 [Worker-321: Building] INFO  o.e.m.c.i.l.LifecycleMappingFactory - Using org.eclipse.m2e.jdt.JarLifecycleMapping lifecycle mapping for MavenProject: com.contact:contact_service:0.0.1-SNAPSHOT @ C:\Users\amans\Desktop\Contact MicroService\ContactMicroservice\pom.xml.
2023-01-27 11:50:13,452 [Worker-321: Building] INFO  o.e.m.c.i.embedder.EclipseLogger - Using 'UTF-8' encoding to copy filtered resources.
2023-01-27 11:50:13,452 [Worker-321: Building] INFO  o.e.m.c.i.embedder.EclipseLogger - Using 'UTF-8' encoding to copy filtered properties files.
2023-01-27 11:50:13,455 [Worker-321: Building] INFO  o.e.m.c.i.embedder.EclipseLogger - Copying 0 resource
2023-01-27 11:50:13,455 [Worker-321: Building] INFO  o.e.m.c.i.embedder.EclipseLogger - Copying 0 resource
2023-01-27 11:50:13,460 [Worker-321: Building] INFO  o.e.m.c.i.embedder.EclipseLogger - Using 'UTF-8' encoding to copy filtered resources.
2023-01-27 11:50:13,460 [Worker-321: Building] INFO  o.e.m.c.i.embedder.EclipseLogger - Using 'UTF-8' encoding to copy filtered properties files.
2023-01-27 11:50:13,461 [Worker-321: Building] INFO  o.e.m.c.i.embedder.EclipseLogger - skip non existing resourceDirectory C:\Users\amans\Desktop\Contact MicroService\ContactMicroservice\src\test\resources
2023-01-27 11:50:14,877 [Worker-327: Building] INFO  o.e.m.c.i.embedder.EclipseLogger - Using 'UTF-8' encoding to copy filtered resources.
2023-01-27 11:50:14,877 [Worker-327: Building] INFO  o.e.m.c.i.embedder.EclipseLogger - Using 'UTF-8' encoding to copy filtered properties files.
2023-01-27 11:50:14,878 [Worker-327: Building] INFO  o.e.m.c.i.embedder.EclipseLogger - Copying 1 resource
2023-01-27 11:50:14,893 [Worker-327: Building] INFO  o.e.m.c.i.embedder.EclipseLogger - Copying 0 resource
2023-01-27 11:50:14,896 [Worker-327: Building] INFO  o.e.m.c.i.embedder.EclipseLogger - Using 'UTF-8' encoding to copy filtered resources.
2023-01-27 11:50:14,896 [Worker-327: Building] INFO  o.e.m.c.i.embedder.EclipseLogger - Using 'UTF-8' encoding to copy filtered properties files.
2023-01-27 11:50:14,896 [Worker-327: Building] INFO  o.e.m.c.i.embedder.EclipseLogger - skip non existing resourceDirectory C:\Users\amans\Desktop\Contact MicroService\ContactMicroservice\src\test\resources
2023-01-27 11:50:18,848 [Worker-334: Building] INFO  o.e.m.c.i.l.LifecycleMappingFactory - Using org.eclipse.m2e.jdt.JarLifecycleMapping lifecycle mapping for MavenProject: com.contact:contact_service:0.0.1-SNAPSHOT @ C:\Users\amans\Desktop\Contact MicroService\ContactMicroservice\pom.xml.
2023-01-27 11:50:19,671 [Worker-334: Building] INFO  o.e.m.c.i.embedder.EclipseLogger - Using 'UTF-8' encoding to copy filtered resources.
2023-01-27 11:50:19,672 [Worker-334: Building] INFO  o.e.m.c.i.embedder.EclipseLogger - Using 'UTF-8' encoding to copy filtered properties files.
2023-01-27 11:50:19,674 [Worker-334: Building] INFO  o.e.m.c.i.embedder.EclipseLogger - Copying 0 resource
2023-01-27 11:50:19,674 [Worker-334: Building] INFO  o.e.m.c.i.embedder.EclipseLogger - Copying 0 resource
2023-01-27 11:50:19,678 [Worker-334: Building] INFO  o.e.m.c.i.embedder.EclipseLogger - Using 'UTF-8' encoding to copy filtered resources.
2023-01-27 11:50:19,678 [Worker-334: Building] INFO  o.e.m.c.i.embedder.EclipseLogger - Using 'UTF-8' encoding to copy filtered properties files.
2023-01-27 11:50:19,678 [Worker-334: Building] INFO  o.e.m.c.i.embedder.EclipseLogger - skip non existing resourceDirectory C:\Users\amans\Desktop\Contact MicroService\ContactMicroservice\src\test\resources
2023-01-27 11:50:20,983 [Worker-336: Building] INFO  o.e.m.c.i.embedder.EclipseLogger - Using 'UTF-8' encoding to copy filtered resources.
2023-01-27 11:50:20,983 [Worker-336: Building] INFO  o.e.m.c.i.embedder.EclipseLogger - Using 'UTF-8' encoding to copy filtered properties files.
2023-01-27 11:50:20,984 [Worker-336: Building] INFO  o.e.m.c.i.embedder.EclipseLogger - Copying 1 resource
2023-01-27 11:50:20,993 [Worker-336: Building] INFO  o.e.m.c.i.embedder.EclipseLogger - Copying 0 resource
2023-01-27 11:50:20,995 [Worker-336: Building] INFO  o.e.m.c.i.embedder.EclipseLogger - Using 'UTF-8' encoding to copy filtered resources.
2023-01-27 11:50:20,995 [Worker-336: Building] INFO  o.e.m.c.i.embedder.EclipseLogger - Using 'UTF-8' encoding to copy filtered properties files.
2023-01-27 11:50:20,996 [Worker-336: Building] INFO  o.e.m.c.i.embedder.EclipseLogger - skip non existing resourceDirectory C:\Users\amans\Desktop\Contact MicroService\ContactMicroservice\src\test\resources
2023-01-27 11:53:56,689 [Worker-338: Building] INFO  o.e.m.c.i.l.LifecycleMappingFactory - Using org.eclipse.m2e.jdt.JarLifecycleMapping lifecycle mapping for MavenProject: com.contact:contact_service:0.0.1-SNAPSHOT @ C:\Users\amans\Desktop\Contact MicroService\ContactMicroservice\pom.xml.
2023-01-27 11:53:57,566 [Worker-338: Building] INFO  o.e.m.c.i.embedder.EclipseLogger - Using 'UTF-8' encoding to copy filtered resources.
2023-01-27 11:53:57,566 [Worker-338: Building] INFO  o.e.m.c.i.embedder.EclipseLogger - Using 'UTF-8' encoding to copy filtered properties files.
2023-01-27 11:53:57,569 [Worker-338: Building] INFO  o.e.m.c.i.embedder.EclipseLogger - Copying 0 resource
2023-01-27 11:53:57,570 [Worker-338: Building] INFO  o.e.m.c.i.embedder.EclipseLogger - Copying 0 resource
2023-01-27 11:53:57,574 [Worker-338: Building] INFO  o.e.m.c.i.embedder.EclipseLogger - Using 'UTF-8' encoding to copy filtered resources.
2023-01-27 11:53:57,574 [Worker-338: Building] INFO  o.e.m.c.i.embedder.EclipseLogger - Using 'UTF-8' encoding to copy filtered properties files.
2023-01-27 11:53:57,574 [Worker-338: Building] INFO  o.e.m.c.i.embedder.EclipseLogger - skip non existing resourceDirectory C:\Users\amans\Desktop\Contact MicroService\ContactMicroservice\src\test\resources
2023-01-27 11:53:58,906 [Worker-343: Building] INFO  o.e.m.c.i.embedder.EclipseLogger - Using 'UTF-8' encoding to copy filtered resources.
2023-01-27 11:53:58,906 [Worker-343: Building] INFO  o.e.m.c.i.embedder.EclipseLogger - Using 'UTF-8' encoding to copy filtered properties files.
2023-01-27 11:53:58,907 [Worker-343: Building] INFO  o.e.m.c.i.embedder.EclipseLogger - Copying 1 resource
2023-01-27 11:53:58,919 [Worker-343: Building] INFO  o.e.m.c.i.embedder.EclipseLogger - Copying 0 resource
2023-01-27 11:53:58,921 [Worker-343: Building] INFO  o.e.m.c.i.embedder.EclipseLogger - Using 'UTF-8' encoding to copy filtered resources.
2023-01-27 11:53:58,921 [Worker-343: Building] INFO  o.e.m.c.i.embedder.EclipseLogger - Using 'UTF-8' encoding to copy filtered properties files.
2023-01-27 11:53:58,922 [Worker-343: Building] INFO  o.e.m.c.i.embedder.EclipseLogger - skip non existing resourceDirectory C:\Users\amans\Desktop\Contact MicroService\ContactMicroservice\src\test\resources
2023-01-27 11:54:04,403 [Worker-327: Building] INFO  o.e.m.c.i.l.LifecycleMappingFactory - Using org.eclipse.m2e.jdt.JarLifecycleMapping lifecycle mapping for MavenProject: com.contact:contact_service:0.0.1-SNAPSHOT @ C:\Users\amans\Desktop\Contact MicroService\ContactMicroservice\pom.xml.
2023-01-27 11:54:04,963 [Worker-327: Building] INFO  o.e.m.c.i.embedder.EclipseLogger - Using 'UTF-8' encoding to copy filtered resources.
2023-01-27 11:54:04,963 [Worker-327: Building] INFO  o.e.m.c.i.embedder.EclipseLogger - Using 'UTF-8' encoding to copy filtered properties files.
2023-01-27 11:54:04,965 [Worker-327: Building] INFO  o.e.m.c.i.embedder.EclipseLogger - Copying 0 resource
2023-01-27 11:54:04,965 [Worker-327: Building] INFO  o.e.m.c.i.embedder.EclipseLogger - Copying 0 resource
2023-01-27 11:54:04,969 [Worker-327: Building] INFO  o.e.m.c.i.embedder.EclipseLogger - Using 'UTF-8' encoding to copy filtered resources.
2023-01-27 11:54:04,969 [Worker-327: Building] INFO  o.e.m.c.i.embedder.EclipseLogger - Using 'UTF-8' encoding to copy filtered properties files.
2023-01-27 11:54:04,969 [Worker-327: Building] INFO  o.e.m.c.i.embedder.EclipseLogger - skip non existing resourceDirectory C:\Users\amans\Desktop\Contact MicroService\ContactMicroservice\src\test\resources
2023-01-27 11:54:06,206 [Worker-340: Building] INFO  o.e.m.c.i.embedder.EclipseLogger - Using 'UTF-8' encoding to copy filtered resources.
2023-01-27 11:54:06,207 [Worker-340: Building] INFO  o.e.m.c.i.embedder.EclipseLogger - Using 'UTF-8' encoding to copy filtered properties files.
2023-01-27 11:54:06,208 [Worker-340: Building] INFO  o.e.m.c.i.embedder.EclipseLogger - Copying 1 resource
2023-01-27 11:54:06,222 [Worker-340: Building] INFO  o.e.m.c.i.embedder.EclipseLogger - Copying 0 resource
2023-01-27 11:54:06,225 [Worker-340: Building] INFO  o.e.m.c.i.embedder.EclipseLogger - Using 'UTF-8' encoding to copy filtered resources.
2023-01-27 11:54:06,226 [Worker-340: Building] INFO  o.e.m.c.i.embedder.EclipseLogger - Using 'UTF-8' encoding to copy filtered properties files.
2023-01-27 11:54:06,226 [Worker-340: Building] INFO  o.e.m.c.i.embedder.EclipseLogger - skip non existing resourceDirectory C:\Users\amans\Desktop\Contact MicroService\ContactMicroservice\src\test\resources
2023-01-27 11:56:10,108 [Worker-339: Building] INFO  o.e.m.c.i.embedder.EclipseLogger - Using 'UTF-8' encoding to copy filtered resources.
2023-01-27 11:56:10,108 [Worker-339: Building] INFO  o.e.m.c.i.embedder.EclipseLogger - Using 'UTF-8' encoding to copy filtered properties files.
2023-01-27 11:56:10,108 [Worker-339: Building] INFO  o.e.m.c.i.embedder.EclipseLogger - Copying 1 resource
2023-01-27 11:56:10,114 [Worker-339: Building] INFO  o.e.m.c.i.embedder.EclipseLogger - Copying 0 resource
2023-01-27 11:56:10,118 [Worker-339: Building] INFO  o.e.m.c.i.embedder.EclipseLogger - Using 'UTF-8' encoding to copy filtered resources.
2023-01-27 11:56:10,118 [Worker-339: Building] INFO  o.e.m.c.i.embedder.EclipseLogger - Using 'UTF-8' encoding to copy filtered properties files.
2023-01-27 11:56:10,118 [Worker-339: Building] INFO  o.e.m.c.i.embedder.EclipseLogger - skip non existing resourceDirectory C:\Users\amans\Desktop\Contact MicroService\ContactMicroservice\src\test\resources
2023-01-27 11:56:59,966 [Worker-321: Building] INFO  o.e.m.c.i.l.LifecycleMappingFactory - Using org.eclipse.m2e.jdt.JarLifecycleMapping lifecycle mapping for MavenProject: com.contact:contact_service:0.0.1-SNAPSHOT @ C:\Users\amans\Desktop\Contact MicroService\ContactMicroservice\pom.xml.
2023-01-27 11:57:44,234 [Worker-344: Building] INFO  o.e.m.c.i.l.LifecycleMappingFactory - Using org.eclipse.m2e.jdt.JarLifecycleMapping lifecycle mapping for MavenProject: com.contact:contact_service:0.0.1-SNAPSHOT @ C:\Users\amans\Desktop\Contact MicroService\ContactMicroservice\pom.xml.
2023-01-27 11:57:44,919 [Worker-344: Building] INFO  o.e.m.c.i.embedder.EclipseLogger - Using 'UTF-8' encoding to copy filtered resources.
2023-01-27 11:57:44,920 [Worker-344: Building] INFO  o.e.m.c.i.embedder.EclipseLogger - Using 'UTF-8' encoding to copy filtered properties files.
2023-01-27 11:57:44,922 [Worker-344: Building] INFO  o.e.m.c.i.embedder.EclipseLogger - Copying 0 resource
2023-01-27 11:57:44,923 [Worker-344: Building] INFO  o.e.m.c.i.embedder.EclipseLogger - Copying 0 resource
2023-01-27 11:57:44,927 [Worker-344: Building] INFO  o.e.m.c.i.embedder.EclipseLogger - Using 'UTF-8' encoding to copy filtered resources.
2023-01-27 11:57:44,927 [Worker-344: Building] INFO  o.e.m.c.i.embedder.EclipseLogger - Using 'UTF-8' encoding to copy filtered properties files.
2023-01-27 11:57:44,927 [Worker-344: Building] INFO  o.e.m.c.i.embedder.EclipseLogger - skip non existing resourceDirectory C:\Users\amans\Desktop\Contact MicroService\ContactMicroservice\src\test\resources
2023-01-27 11:57:46,189 [Worker-327: Building] INFO  o.e.m.c.i.embedder.EclipseLogger - Using 'UTF-8' encoding to copy filtered resources.
2023-01-27 11:57:46,189 [Worker-327: Building] INFO  o.e.m.c.i.embedder.EclipseLogger - Using 'UTF-8' encoding to copy filtered properties files.
2023-01-27 11:57:46,191 [Worker-327: Building] INFO  o.e.m.c.i.embedder.EclipseLogger - Copying 1 resource
2023-01-27 11:57:46,205 [Worker-327: Building] INFO  o.e.m.c.i.embedder.EclipseLogger - Copying 0 resource
2023-01-27 11:57:46,209 [Worker-327: Building] INFO  o.e.m.c.i.embedder.EclipseLogger - Using 'UTF-8' encoding to copy filtered resources.
2023-01-27 11:57:46,209 [Worker-327: Building] INFO  o.e.m.c.i.embedder.EclipseLogger - Using 'UTF-8' encoding to copy filtered properties files.
2023-01-27 11:57:46,210 [Worker-327: Building] INFO  o.e.m.c.i.embedder.EclipseLogger - skip non existing resourceDirectory C:\Users\amans\Desktop\Contact MicroService\ContactMicroservice\src\test\resources
